Determining if the pthread_create exist failed with the following output:
Change Dir: /home/deivydas/cat_ws_head/build/CMakeFiles/CMakeTmp

Run Build Command:"/usr/bin/make" "cmTC_4dfee/fast"
/usr/bin/make -f CMakeFiles/cmTC_4dfee.dir/build.make CMakeFiles/cmTC_4dfee.dir/build
make[1]: Entering directory '/home/deivydas/cat_ws_head/build/CMakeFiles/CMakeTmp'
Building C object CMakeFiles/cmTC_4dfee.dir/CheckSymbolExists.c.o
/usr/bin/cc     -o CMakeFiles/cmTC_4dfee.dir/CheckSymbolExists.c.o   -c /home/deivydas/cat_ws_head/build/CMakeFiles/CMakeTmp/CheckSymbolExists.c
Linking C executable cmTC_4dfee
/usr/bin/cmake -E cmake_link_script CMakeFiles/cmTC_4dfee.dir/link.txt --verbose=1
/usr/bin/cc       CMakeFiles/cmTC_4dfee.dir/CheckSymbolExists.c.o  -o cmTC_4dfee -rdynamic 
CMakeFiles/cmTC_4dfee.dir/CheckSymbolExists.c.o: In function `main':
CheckSymbolExists.c:(.text+0x16): undefined reference to `pthread_create'
collect2: error: ld returned 1 exit status
CMakeFiles/cmTC_4dfee.dir/build.make:97: recipe for target 'cmTC_4dfee' failed
make[1]: *** [cmTC_4dfee] Error 1
make[1]: Leaving directory '/home/deivydas/cat_ws_head/build/CMakeFiles/CMakeTmp'
Makefile:126: recipe for target 'cmTC_4dfee/fast' failed
make: *** [cmTC_4dfee/fast] Error 2

File /home/deivydas/cat_ws_head/build/CMakeFiles/CMakeTmp/CheckSymbolExists.c:
/* */
#include <pthread.h>

int main(int argc, char** argv)
{
  (void)argv;
#ifndef pthread_create
  return ((int*)(&pthread_create))[argc];
#else
  (void)argc;
  return 0;
#endif
}

Determining if the function pthread_create exists in the pthreads failed with the following output:
Change Dir: /home/deivydas/cat_ws_head/build/CMakeFiles/CMakeTmp

Run Build Command:"/usr/bin/make" "cmTC_a69cf/fast"
/usr/bin/make -f CMakeFiles/cmTC_a69cf.dir/build.make CMakeFiles/cmTC_a69cf.dir/build
make[1]: Entering directory '/home/deivydas/cat_ws_head/build/CMakeFiles/CMakeTmp'
Building C object CMakeFiles/cmTC_a69cf.dir/CheckFunctionExists.c.o
/usr/bin/cc    -DCHECK_FUNCTION_EXISTS=pthread_create   -o CMakeFiles/cmTC_a69cf.dir/CheckFunctionExists.c.o   -c /usr/share/cmake-3.5/Modules/CheckFunctionExists.c
Linking C executable cmTC_a69cf
/usr/bin/cmake -E cmake_link_script CMakeFiles/cmTC_a69cf.dir/link.txt --verbose=1
/usr/bin/cc   -DCHECK_FUNCTION_EXISTS=pthread_create    CMakeFiles/cmTC_a69cf.dir/CheckFunctionExists.c.o  -o cmTC_a69cf -rdynamic -lpthreads 
/usr/bin/ld: cannot find -lpthreads
collect2: error: ld returned 1 exit status
CMakeFiles/cmTC_a69cf.dir/build.make:97: recipe for target 'cmTC_a69cf' failed
make[1]: *** [cmTC_a69cf] Error 1
make[1]: Leaving directory '/home/deivydas/cat_ws_head/build/CMakeFiles/CMakeTmp'
Makefile:126: recipe for target 'cmTC_a69cf/fast' failed
make: *** [cmTC_a69cf/fast] Error 2


