Determining if the pthread_create exist failed with the following output:
Change Dir: /home/deivydas/cat_ws_head/build/heads/CMakeFiles/CMakeTmp

Run Build Command:"/usr/bin/make" "cmTC_da083/fast"
/usr/bin/make -f CMakeFiles/cmTC_da083.dir/build.make CMakeFiles/cmTC_da083.dir/build
make[1]: Entering directory '/home/deivydas/cat_ws_head/build/heads/CMakeFiles/CMakeTmp'
Building C object CMakeFiles/cmTC_da083.dir/CheckSymbolExists.c.o
/usr/bin/cc     -o CMakeFiles/cmTC_da083.dir/CheckSymbolExists.c.o   -c /home/deivydas/cat_ws_head/build/heads/CMakeFiles/CMakeTmp/CheckSymbolExists.c
Linking C executable cmTC_da083
/usr/bin/cmake -E cmake_link_script CMakeFiles/cmTC_da083.dir/link.txt --verbose=1
/usr/bin/cc       CMakeFiles/cmTC_da083.dir/CheckSymbolExists.c.o  -o cmTC_da083 -rdynamic 
CMakeFiles/cmTC_da083.dir/CheckSymbolExists.c.o: In function `main':
CheckSymbolExists.c:(.text+0x16): undefined reference to `pthread_create'
collect2: error: ld returned 1 exit status
CMakeFiles/cmTC_da083.dir/build.make:97: recipe for target 'cmTC_da083' failed
make[1]: *** [cmTC_da083] Error 1
make[1]: Leaving directory '/home/deivydas/cat_ws_head/build/heads/CMakeFiles/CMakeTmp'
Makefile:126: recipe for target 'cmTC_da083/fast' failed
make: *** [cmTC_da083/fast] Error 2

File /home/deivydas/cat_ws_head/build/heads/CMakeFiles/CMakeTmp/CheckSymbolExists.c:
/* */
#include <pthread.h>

int main(int argc, char** argv)
{
  (void)argv;
#ifndef pthread_create
  return ((int*)(&pthread_create))[argc];
#else
  (void)argc;
  return 0;
#endif
}

Determining if the function pthread_create exists in the pthreads failed with the following output:
Change Dir: /home/deivydas/cat_ws_head/build/heads/CMakeFiles/CMakeTmp

Run Build Command:"/usr/bin/make" "cmTC_21999/fast"
/usr/bin/make -f CMakeFiles/cmTC_21999.dir/build.make CMakeFiles/cmTC_21999.dir/build
make[1]: Entering directory '/home/deivydas/cat_ws_head/build/heads/CMakeFiles/CMakeTmp'
Building C object CMakeFiles/cmTC_21999.dir/CheckFunctionExists.c.o
/usr/bin/cc    -DCHECK_FUNCTION_EXISTS=pthread_create   -o CMakeFiles/cmTC_21999.dir/CheckFunctionExists.c.o   -c /usr/share/cmake-3.5/Modules/CheckFunctionExists.c
Linking C executable cmTC_21999
/usr/bin/cmake -E cmake_link_script CMakeFiles/cmTC_21999.dir/link.txt --verbose=1
/usr/bin/cc   -DCHECK_FUNCTION_EXISTS=pthread_create    CMakeFiles/cmTC_21999.dir/CheckFunctionExists.c.o  -o cmTC_21999 -rdynamic -lpthreads 
/usr/bin/ld: cannot find -lpthreads
collect2: error: ld returned 1 exit status
CMakeFiles/cmTC_21999.dir/build.make:97: recipe for target 'cmTC_21999' failed
make[1]: *** [cmTC_21999] Error 1
make[1]: Leaving directory '/home/deivydas/cat_ws_head/build/heads/CMakeFiles/CMakeTmp'
Makefile:126: recipe for target 'cmTC_21999/fast' failed
make: *** [cmTC_21999/fast] Error 2


